<?xml version="1.0" encoding="UTF-8"?>
<testsuite name="com.example.project.CrudControllerTest" time="0.387" tests="6" errors="0" skipped="0" failures="0">
  <properties>
    <property name="java.runtime.name" value="OpenJDK Runtime Environment"/>
    <property name="sun.boot.library.path" value="/Users/vsenger/.sdkman/candidates/java/8.332.08.1-amzn/jre/lib"/>
    <property name="java.vm.version" value="25.332-b08"/>
    <property name="gopherProxySet" value="false"/>
    <property name="java.vm.vendor" value="Amazon.com Inc."/>
    <property name="maven.multiModuleProjectDirectory" value="/Users/vsenger/Downloads/amazon-q-transform-demo"/>
    <property name="java.vendor.url" value="https://aws.amazon.com/corretto/"/>
    <property name="path.separator" value=":"/>
    <property name="guice.disable.misplaced.annotation.check" value="true"/>
    <property name="java.vm.name" value="OpenJDK 64-Bit Server VM"/>
    <property name="file.encoding.pkg" value="sun.io"/>
    <property name="user.country" value="BR"/>
    <property name="sun.java.launcher" value="SUN_STANDARD"/>
    <property name="sun.os.patch.level" value="unknown"/>
    <property name="java.vm.specification.name" value="Java Virtual Machine Specification"/>
    <property name="user.dir" value="/Users/vsenger/Downloads/amazon-q-transform-demo"/>
    <property name="java.runtime.version" value="1.8.0_332-b08"/>
    <property name="java.awt.graphicsenv" value="sun.awt.CGraphicsEnvironment"/>
    <property name="java.endorsed.dirs" value="/Users/vsenger/.sdkman/candidates/java/8.332.08.1-amzn/jre/lib/endorsed"/>
    <property name="os.arch" value="aarch64"/>
    <property name="java.io.tmpdir" value="/var/folders/4j/kt1bdwgx1dj1r7f54_qgxvf0k6b85d/T/"/>
    <property name="line.separator" value="&#10;"/>
    <property name="java.vm.specification.vendor" value="Oracle Corporation"/>
    <property name="os.name" value="Mac OS X"/>
    <property name="classworlds.conf" value="/Users/vsenger/.sdkman/candidates/maven/current/bin/m2.conf"/>
    <property name="sun.jnu.encoding" value="UTF-8"/>
    <property name="java.library.path" value="/Users/vsenger/Library/Java/Extensions:/Library/Java/Extensions:/Network/Library/Java/Extensions:/System/Library/Java/Extensions:/usr/lib/java:."/>
    <property name="maven.conf" value="/Users/vsenger/.sdkman/candidates/maven/current/conf"/>
    <property name="java.specification.name" value="Java Platform API Specification"/>
    <property name="java.class.version" value="52.0"/>
    <property name="sun.management.compiler" value="HotSpot 64-Bit Tiered Compilers"/>
    <property name="os.version" value="14.3.1"/>
    <property name="library.jansi.path" value="/Users/vsenger/.sdkman/candidates/maven/current/lib/jansi-native"/>
    <property name="user.home" value="/Users/vsenger"/>
    <property name="user.timezone" value="America/Los_Angeles"/>
    <property name="java.awt.printerjob" value="sun.lwawt.macosx.CPrinterJob"/>
    <property name="java.specification.version" value="1.8"/>
    <property name="file.encoding" value="UTF-8"/>
    <property name="user.name" value="vsenger"/>
    <property name="java.class.path" value="/Users/vsenger/.sdkman/candidates/maven/current/boot/plexus-classworlds-2.6.0.jar"/>
    <property name="log4j2.formatMsgNoLookups" value="true"/>
    <property name="java.vm.specification.version" value="1.8"/>
    <property name="sun.arch.data.model" value="64"/>
    <property name="java.home" value="/Users/vsenger/.sdkman/candidates/java/8.332.08.1-amzn/jre"/>
    <property name="sun.java.command" value="org.codehaus.plexus.classworlds.launcher.Launcher clean package"/>
    <property name="java.specification.vendor" value="Oracle Corporation"/>
    <property name="user.language" value="en"/>
    <property name="awt.toolkit" value="sun.lwawt.macosx.LWCToolkit"/>
    <property name="java.vm.info" value="mixed mode"/>
    <property name="java.version" value="1.8.0_332"/>
    <property name="java.ext.dirs" value="/Users/vsenger/Library/Java/Extensions:/Users/vsenger/.sdkman/candidates/java/8.332.08.1-amzn/jre/lib/ext:/Library/Java/Extensions:/Network/Library/Java/Extensions:/System/Library/Java/Extensions:/usr/lib/java"/>
    <property name="sun.boot.class.path" value="/Users/vsenger/.sdkman/candidates/java/8.332.08.1-amzn/jre/lib/resources.jar:/Users/vsenger/.sdkman/candidates/java/8.332.08.1-amzn/jre/lib/rt.jar:/Users/vsenger/.sdkman/candidates/java/8.332.08.1-amzn/jre/lib/sunrsasign.jar:/Users/vsenger/.sdkman/candidates/java/8.332.08.1-amzn/jre/lib/jsse.jar:/Users/vsenger/.sdkman/candidates/java/8.332.08.1-amzn/jre/lib/jce.jar:/Users/vsenger/.sdkman/candidates/java/8.332.08.1-amzn/jre/lib/charsets.jar:/Users/vsenger/.sdkman/candidates/java/8.332.08.1-amzn/jre/lib/jfr.jar:/Users/vsenger/.sdkman/candidates/java/8.332.08.1-amzn/jre/classes"/>
    <property name="java.vendor" value="Amazon.com Inc."/>
    <property name="maven.home" value="/Users/vsenger/.sdkman/candidates/maven/current"/>
    <property name="file.separator" value="/"/>
    <property name="java.vendor.url.bug" value="https://github.com/corretto/corretto-8/issues/"/>
    <property name="sun.cpu.endian" value="little"/>
    <property name="sun.io.unicode.encoding" value="UnicodeBig"/>
    <property name="sun.cpu.isalist" value=""/>
  </properties>
  <testcase name="testCreateOrder" classname="com.example.project.CrudControllerTest" time="0.381"/>
  <testcase name="testCreateProduct" classname="com.example.project.CrudControllerTest" time="0"/>
  <testcase name="testGetAllCustomers" classname="com.example.project.CrudControllerTest" time="0.001"/>
  <testcase name="testCreateCustomer" classname="com.example.project.CrudControllerTest" time="0.003"/>
  <testcase name="testGetAllOrders" classname="com.example.project.CrudControllerTest" time="0.001"/>
  <testcase name="testGetAllProducts" classname="com.example.project.CrudControllerTest" time="0.001"/>
</testsuite>